

times in msec
 clock   self+sourced   self:  sourced script
 clock   elapsed:              other lines

000.003  000.003: --- VIM STARTING ---
000.110  000.107: Allocated generic buffers
000.198  000.088: locale set
000.202  000.004: clipboard setup
000.205  000.003: window checked
005.847  005.642: inits 1
005.911  000.064: parsing arguments
005.913  000.002: expanding arguments
005.935  000.022: shell init
007.204  001.269: Termcap init
007.224  000.020: inits 2
007.428  000.204: init highlight
008.686  000.199  000.199: sourcing /cygdrive/e/notes/.previmrc
010.892  000.299  000.299: sourcing /cygdrive/e/notes/.utility.vim
096.107  084.973  084.973: sourcing /cygdrive/e/notes/utils.vim
098.404  001.004  001.004: sourcing /home/zyq3e/.vim/autoload/pathogen.vim
148.113  000.088  000.088: sourcing /home/zyq3e/.vim/bundle/ultisnips/ftdetect/snippets.vim
149.992  000.517  000.517: sourcing /home/zyq3e/.vim/bundle/vim-fugitive/ftdetect/fugitive.vim
150.835  012.597  011.992: sourcing /usr/share/vim/vim81/filetype.vim
153.936  000.555  000.555: sourcing /usr/share/vim/vim81/ftplugin.vim
156.783  000.539  000.539: sourcing /usr/share/vim/vim81/indent.vim
165.526  002.098  002.098: sourcing /usr/share/vim/vim81/syntax/syncolor.vim
165.933  005.125  003.027: sourcing /usr/share/vim/vim81/syntax/synload.vim
165.981  007.947  002.822: sourcing /usr/share/vim/vim81/syntax/syntax.vim
170.467  000.572  000.572: sourcing /usr/share/vim/vim81/syntax/syncolor.vim
173.798  000.730  000.730: sourcing /usr/share/vim/vim81/syntax/syncolor.vim
186.149  177.231  068.015: sourcing /cygdrive/e/notes/.vimrc
190.292  000.790  000.790: sourcing /usr/share/vim/vim81/syntax/syncolor.vim
193.589  000.647  000.647: sourcing /usr/share/vim/vim81/syntax/syncolor.vim
193.973  006.792  005.355: sourcing /home/zyq3e/.vim/bundle/vim-colors/colors/vanilla.vim
195.083  000.385  000.385: sourcing /home/zyq3e/notes/swo/rc/color/vim-loop_theme.vim
199.358  003.764  003.764: sourcing /cygdrive/e/notes/postvimrc.vim
199.412  191.260  002.889: sourcing $HOME/.vimrc
199.425  000.737: sourcing vimrc file(s)
202.838  000.977  000.977: sourcing /home/zyq3e/.vim/bundle/ack.vim/plugin/ack.vim
205.252  001.806  001.806: sourcing /home/zyq3e/.vim/bundle/asyncrun.vim/plugin/asyncrun.vim
210.528  001.289  001.289: sourcing /home/zyq3e/.vim/bundle/ctrlp.vim/autoload/ctrlp/mrufiles.vim
211.106  004.308  003.019: sourcing /home/zyq3e/.vim/bundle/ctrlp.vim/plugin/ctrlp.vim
215.132  003.288  003.288: sourcing /home/zyq3e/.vim/bundle/emmet-vim/plugin/emmet.vim
219.065  000.509  000.509: sourcing /home/zyq3e/.vim/bundle/tcomment_vim/autoload/tcomment/deprecated.vim
224.338  007.794  007.285: sourcing /home/zyq3e/.vim/bundle/tcomment_vim/plugin/tcomment.vim
226.423  000.166  000.166: sourcing /home/zyq3e/.vim/bundle/ultisnips/autoload/UltiSnips/map_keys.vim
226.646  001.518  001.352: sourcing /home/zyq3e/.vim/bundle/ultisnips/plugin/UltiSnips.vim
229.798  000.921  000.921: sourcing /home/zyq3e/.vim/bundle/vim-dirvish/plugin/dirvish.vim
233.436  002.255  002.255: sourcing /home/zyq3e/.vim/bundle/vim-fugitive/plugin/fugitive.vim
234.696  000.429  000.429: sourcing /home/zyq3e/.vim/bundle/vim-indent-object/plugin/indent-object.vim
240.733  004.357  004.357: sourcing /home/zyq3e/.vim/bundle/vim-sneak/plugin/sneak.vim
242.107  000.204  000.204: sourcing /home/zyq3e/.vim/bundle/vim-snippets/plugin/vimsnippets.vim
246.028  001.521  001.521: sourcing /home/zyq3e/.vim/bundle/vim-surround/plugin/surround.vim
268.225  020.586  020.586: sourcing /home/zyq3e/.vim/bundle/vim-unimpaired/plugin/unimpaired.vim
270.039  000.912  000.912: sourcing /home/zyq3e/.vim/bundle/YouCompleteMe/plugin/youcompleteme.vim
279.575  000.541  000.541: sourcing /usr/share/vim/vim81/plugin/getscriptPlugin.vim
280.826  000.844  000.844: sourcing /usr/share/vim/vim81/plugin/gzip.vim
282.356  001.116  001.116: sourcing /usr/share/vim/vim81/plugin/logiPat.vim
283.866  000.775  000.775: sourcing /usr/share/vim/vim81/plugin/manpager.vim
285.417  000.834  000.834: sourcing /usr/share/vim/vim81/plugin/matchparen.vim
287.285  001.434  001.434: sourcing /usr/share/vim/vim81/plugin/netrwPlugin.vim
288.234  000.412  000.412: sourcing /usr/share/vim/vim81/plugin/rrhelper.vim
289.097  000.410  000.410: sourcing /usr/share/vim/vim81/plugin/spellfile.vim
290.193  000.585  000.585: sourcing /usr/share/vim/vim81/plugin/tarPlugin.vim
291.124  000.506  000.506: sourcing /usr/share/vim/vim81/plugin/tohtml.vim
292.208  000.591  000.591: sourcing /usr/share/vim/vim81/plugin/vimballPlugin.vim
293.351  000.598  000.598: sourcing /usr/share/vim/vim81/plugin/zipPlugin.vim
296.015  000.234  000.234: sourcing /cygdrive/e/notes/task/vim/plugin/mode-all.vim
296.718  000.203  000.203: sourcing /cygdrive/e/notes/task/vim/plugin/new-mode-python.vim
297.276  000.173  000.173: sourcing /cygdrive/e/notes/task/vim/plugin/utils.vim
297.307  037.750: loading plugins
297.759  000.452: loading packages
298.841  000.251  000.251: sourcing /home/zyq3e/.vim/bundle/ultisnips/after/plugin/UltiSnips_after.vim
303.869  003.896  003.896: sourcing /home/zyq3e/.vim/after/plugin/postvimrc.vim
303.891  001.985: loading after plugins
303.900  000.009: inits 3
306.691  002.791: reading viminfo
306.702  000.011: setting raw mode
306.714  000.012: start termcap
306.733  000.019: clearing screen
327.633  020.900: opening buffers
327.691  000.058: BufEnter autocommands
327.695  000.004: editing files in windows
331.056  001.388  001.388: sourcing /home/zyq3e/.vim/bundle/YouCompleteMe/autoload/youcompleteme.vim
663.124  334.041: VimEnter autocommands
663.133  000.009: before starting main loop
664.030  000.897: first screen update
664.033  000.003: --- VIM STARTED ---
